<?xml version="1.0" encoding="UTF-8" ?>
<testsuites errors="4"
            failures="1"
            tests="1">

  <testsuite name="go1Percentloging"
    errors="4" failures="1" hostname="" id="" package="go1Percentloging" skipped="0"
    tests="1" time="114.2" timestamp="">
  
    <testcase name="landing on dashboard page" classname="go1Percentloging" time="57.10" assertions="1">  <failure message="Testing if the URL contains &#39;my-dashboard&#39; in 5000ms - expected &#34;contains &#39;my-dashboard&#39;&#34; but got: &#34;&#34; (5093ms)">    at landing on dashboard page (/home/knoldus/Desktop/feature-myProfile/go1Percent_Automation/go1percent/test/go1Percentloging.js:15:24)</failure>

    
    <error message="no such window: target window already closed
from unknown error: web view not found
  (Session info: chrome=118.0.5993.70)" type="error"><![CDATA[
    NoSuchWindowError: no such window: target window already closed
from unknown error: web view not found
  (Session info: chrome=118.0.5993.70)
    at Object.throwDecodedError (/home/knoldus/Desktop/feature-myProfile/go1Percent_Automation/go1percent/node_modules/selenium-webdriver/lib/error.js:524:15)
    at parseHttpResponse (/home/knoldus/Desktop/feature-myProfile/go1Percent_Automation/go1percent/node_modules/selenium-webdriver/lib/http.js:601:13)
    at Executor.execute (/home/knoldus/Desktop/feature-myProfile/go1Percent_Automation/go1percent/node_modules/selenium-webdriver/lib/http.js:529:28)
    at process.processTicksAndRejections (node:internal/process/task_queues:95:5)
    at async Driver.execute (/home/knoldus/Desktop/feature-myProfile/go1Percent_Automation/go1percent/node_modules/selenium-webdriver/lib/webdriver.js:745:17)
    at async MethodMappings.getCurrentUrl (/home/knoldus/Desktop/feature-myProfile/go1Percent_Automation/go1percent/node_modules/nightwatch/dist/transport/selenium-webdriver/method-mappings.js:158:33)
    at async /home/knoldus/Desktop/feature-myProfile/go1Percent_Automation/go1percent/node_modules/nightwatch/dist/transport/selenium-webdriver/actions.js:58:26
    ]]></error>
    
    </testcase>
  

  
    <system-err>
       NoSuchElementError
   An element could not be located on the page using the given search parameters.
    {&#34;error&#34;:{&#34;name&#34;:&#34;NoSuchWindowError&#34;,&#34;remoteStacktrace&#34;:&#34;&#34;},&#34;status&#34;:-1,&#34;value&#34;:null}

    Try fixing by :
    1. Please inspect the html before the step
    2. Verify if an element with the mentioned selector is present in the DOM tree

    Error location:
    /home/knoldus/Desktop/feature-myProfile/go1Percent_Automation/go1percent/test/go1Percentloging.js:
    –––––––––––––––––––––––––––––––––––––––––––––––––––––––––––––––––––––––––––––––––––––––––––––––––––
     5 |             .page.login()
     6 |             .navigate()
     7 |             .enterCredentials(browser.globals.userName, browser.globals.password) 
     8 |             .signIn()
     9 |         browser.pause(30000)
    –––––––––––––––––––––––––––––––––––––––––––––––––––––––––––––––––––––––––––––––––––––––––––––––––––

 NoSuchElementError
   An element could not be located on the page using the given search parameters.
    {&#34;error&#34;:{&#34;name&#34;:&#34;NoSuchWindowError&#34;,&#34;remoteStacktrace&#34;:&#34;&#34;},&#34;status&#34;:-1,&#34;value&#34;:null}

    Try fixing by :
    1. Please inspect the html before the step
    2. Verify if an element with the mentioned selector is present in the DOM tree

    Error location:
    /home/knoldus/Desktop/feature-myProfile/go1Percent_Automation/go1percent/test/go1Percentloging.js:
    –––––––––––––––––––––––––––––––––––––––––––––––––––––––––––––––––––––––––––––––––––––––––––––––––––
     5 |             .page.login()
     6 |             .navigate()
     7 |             .enterCredentials(browser.globals.userName, browser.globals.password) 
     8 |             .signIn()
     9 |         browser.pause(30000)
    –––––––––––––––––––––––––––––––––––––––––––––––––––––––––––––––––––––––––––––––––––––––––––––––––––

 NoSuchElementError
   An element could not be located on the page using the given search parameters.
    {&#34;error&#34;:{&#34;name&#34;:&#34;NoSuchWindowError&#34;,&#34;remoteStacktrace&#34;:&#34;&#34;},&#34;status&#34;:-1,&#34;value&#34;:null}

    Try fixing by :
    1. Please inspect the html before the step
    2. Verify if an element with the mentioned selector is present in the DOM tree

    Error location:
    /home/knoldus/Desktop/feature-myProfile/go1Percent_Automation/go1percent/test/go1Percentloging.js:
    –––––––––––––––––––––––––––––––––––––––––––––––––––––––––––––––––––––––––––––––––––––––––––––––––––
     6 |             .navigate()
     7 |             .enterCredentials(browser.globals.userName, browser.globals.password)
     8 |             .signIn() 
     9 |         browser.pause(30000)
     10 |     },
    –––––––––––––––––––––––––––––––––––––––––––––––––––––––––––––––––––––––––––––––––––––––––––––––––––

 NoSuchWindowError
   no such window: target window already closed
from unknown error: web view not found
  (Session info: chrome=118.0.5993.70)
    </system-err>
  

    

  
  </testsuite>
</testsuites>
